0 info it worked if it ends with ok
1 verbose cli [ '/usr/local/bin/node', '/usr/local/bin/npm', 'start' ]
2 info using npm@3.7.5
3 info using node@v4.3.2
4 verbose config Skipping project config: /home/labadiadmin/.npmrc. (matches userconfig)
5 verbose run-script [ 'prestart', 'start', 'poststart' ]
6 info lifecycle Labadipost@0.0.1~prestart: Labadipost@0.0.1
7 silly lifecycle Labadipost@0.0.1~prestart: no script for prestart, continuing
8 info lifecycle Labadipost@0.0.1~start: Labadipost@0.0.1
9 verbose lifecycle Labadipost@0.0.1~start: unsafe-perm in lifecycle true
10 verbose lifecycle Labadipost@0.0.1~start: PATH: /usr/local/lib/node_modules/npm/bin/node-gyp-bin:/home/labadiadmin/node_modules/.bin:/usr/local/bin:/usr/local/sbin:/usr/local/bin:/usr/sbin:/usr/bin:/sbin:/bin
11 verbose lifecycle Labadipost@0.0.1~start: CWD: /home/labadiadmin
12 silly lifecycle Labadipost@0.0.1~start: Args: [ '-c', 'better-npm-run start' ]
13 info lifecycle Labadipost@0.0.1~start: Failed to exec start script
14 verbose stack Error: Labadipost@0.0.1 start: `better-npm-run start`
14 verbose stack spawn ENOENT
14 verbose stack     at ChildProcess.<anonymous> (/usr/local/lib/node_modules/npm/lib/utils/spawn.js:17:16)
14 verbose stack     at emitTwo (events.js:87:13)
14 verbose stack     at ChildProcess.emit (events.js:172:7)
14 verbose stack     at maybeClose (internal/child_process.js:821:16)
14 verbose stack     at Process.ChildProcess._handle.onexit (internal/child_process.js:211:5)
15 verbose pkgid Labadipost@0.0.1
16 verbose cwd /home/labadiadmin
17 error Linux 4.4.0-59-generic
18 error argv "/usr/local/bin/node" "/usr/local/bin/npm" "start"
19 error node v4.3.2
20 error npm  v3.7.5
21 error file sh
22 error code ELIFECYCLE
23 error errno ENOENT
24 error syscall spawn
25 error Labadipost@0.0.1 start: `better-npm-run start`
25 error spawn ENOENT
26 error Failed at the Labadipost@0.0.1 start script 'better-npm-run start'.
26 error Make sure you have the latest version of node.js and npm installed.
26 error If you do, this is most likely a problem with the Labadipost package,
26 error not with npm itself.
26 error Tell the author that this fails on your system:
26 error     better-npm-run start
26 error You can get information on how to open an issue for this project with:
26 error     npm bugs Labadipost
26 error Or if that isn't available, you can get their info via:
26 error     npm owner ls Labadipost
26 error There is likely additional logging output above.
27 verbose exit [ 1, true ]
